\BOOKMARK [0][]{chapter*.1}{Erkl\344rung}{}% 1
\BOOKMARK [0][]{chapter*.2}{Abstract}{}% 2
\BOOKMARK [0][]{chapter.3}{1 Introduction}{}% 3
\BOOKMARK [1][]{section.4}{1.1 Motivation}{chapter.3}% 4
\BOOKMARK [1][]{section.5}{1.2 Outline of this thesis}{chapter.3}% 5
\BOOKMARK [0][]{chapter.10}{2 Visualization System}{}% 6
\BOOKMARK [1][]{section.11}{2.1 System architecture}{chapter.10}% 7
\BOOKMARK [1][]{section.13}{2.2 Data processing}{chapter.10}% 8
\BOOKMARK [0][]{chapter.15}{3 Data Extraction and Conversion}{}% 9
\BOOKMARK [1][]{section.16}{3.1 Data-structure of COMSOL file}{chapter.15}% 10
\BOOKMARK [1][]{section.17}{3.2 Data-format after conversion}{chapter.15}% 11
\BOOKMARK [0][]{chapter.18}{4 Rendering using WebGL}{}% 12
\BOOKMARK [1][]{section.20}{4.1 WebGL graphics pipeline}{chapter.18}% 13
\BOOKMARK [1][]{section.21}{4.2 2D translation, rotation, scale and matrix math}{chapter.18}% 14
\BOOKMARK [1][]{section.22}{4.3 3D Orthographic, Perspective, Cameras}{chapter.18}% 15
\BOOKMARK [1][]{section.23}{4.4 Rendering text using sprites}{chapter.18}% 16
\BOOKMARK [0][]{chapter.24}{5 Virtual Reality}{}% 17
\BOOKMARK [0][]{chapter.25}{6 Conclusion}{}% 18
\BOOKMARK [0][]{chapter*.26}{Bibliography}{}% 19
\BOOKMARK [0][]{chapter*.27}{Index of web address}{}% 20
