\BOOKMARK [0][]{chapter*.1}{Erkl\344rung}{}% 1
\BOOKMARK [0][]{chapter*.2}{Zusammenfassung}{}% 2
\BOOKMARK [0][]{chapter.4}{1 Introduction}{}% 3
\BOOKMARK [1][]{section.5}{1.1 Motivation}{chapter.4}% 4
\BOOKMARK [1][]{section.6}{1.2 Outline of this thesis}{chapter.4}% 5
\BOOKMARK [0][]{chapter.7}{2 Visualization system}{}% 6
\BOOKMARK [1][]{section.8}{2.1 System architecture}{chapter.7}% 7
\BOOKMARK [1][]{section.9}{2.2 Work flow}{chapter.7}% 8
\BOOKMARK [0][]{chapter.10}{3 System design}{}% 9
\BOOKMARK [0][]{appendix.11}{A Datenmanagement}{}% 10
\BOOKMARK [1][]{section.12}{A.1 Text-Level}{appendix.11}% 11
\BOOKMARK [1][]{section.20}{A.2 Wichtige Klassen}{appendix.11}% 12
\BOOKMARK [1][]{section.24}{A.3 Das \334bertragungsprotokoll}{appendix.11}% 13
\BOOKMARK [1][]{section.30}{A.4 Austausch der Daten}{appendix.11}% 14
\BOOKMARK [2][]{subsection.31}{A.4.1 Sendeseite}{section.30}% 15
\BOOKMARK [2][]{subsection.32}{A.4.2 Empfangsseite}{section.30}% 16
\BOOKMARK [0][]{appendix.34}{B Hinzuf\374gen von Prozessparametern}{}% 17
\BOOKMARK [1][]{section.35}{B.1 Weiterleitung an den Darstellungsagenten}{appendix.34}% 18
\BOOKMARK [1][]{section.44}{B.2 Parameter}{appendix.34}% 19
\BOOKMARK [1][]{section.66}{B.3 Update-Messages}{appendix.34}% 20
\BOOKMARK [0][]{chapter*.78}{Quelltextverzeichnis}{}% 21
\BOOKMARK [0][]{chapter*.79}{Literaturverzeichnis}{}% 22
\BOOKMARK [0][]{chapter*.80}{Verzeichnis der Webadressen}{}% 23
